<?xml version="1.0" encoding="UTF-8"?>
<testng-results skipped="0" failed="0" ignored="0" total="1" passed="1">
  <reporter-output>
  </reporter-output>
  <suite name="Default suite" duration-ms="21438" started-at="2020-07-20T22:01:05 CLT" finished-at="2020-07-20T22:01:27 CLT">
    <groups>
    </groups>
    <test name="Default test" duration-ms="21438" started-at="2020-07-20T22:01:05 CLT" finished-at="2020-07-20T22:01:27 CLT">
      <class name="com.project.pages.Login">
        <test-method status="PASS" signature="beforeTest()[pri:0, instance:com.project.pages.Login@7c29daf3]" name="beforeTest" is-config="true" duration-ms="17471" started-at="2020-07-20T22:01:05 CLT" finished-at="2020-07-20T22:01:23 CLT">
          <reporter-output>
          </reporter-output>
        </test-method> <!-- beforeTest -->
        <test-method status="PASS" signature="ingresaUsuario()[pri:0, instance:com.project.pages.Login@7c29daf3]" name="ingresaUsuario" duration-ms="3931" started-at="2020-07-20T22:01:23 CLT" finished-at="2020-07-20T22:01:27 CLT">
          <reporter-output>
          </reporter-output>
        </test-method> <!-- ingresaUsuario -->
      </class> <!-- com.project.pages.Login -->
    </test> <!-- Default test -->
  </suite> <!-- Default suite -->
</testng-results>
